<?xml version="1.0" encoding="UTF-8"?>
<!-- Generated by org.testng.reporters.JUnitReportReporter -->
<testsuite skipped="0" hostname="Avins-MBP.fios-router.home" name="bidding.Macbook" tests="1" failures="0" timestamp="26 Jun 2018 19:40:25 GMT" time="14.298" errors="0">
  <testcase name="test1" time="14.298" classname="bidding.Macbook"/>
</testsuite> <!-- bidding.Macbook -->
